<?xml version="1.0" encoding="UTF-8"?>
<testng-results ignored="0" total="2" passed="2" failed="0" skipped="0">
  <reporter-output>
  </reporter-output>
  <suite started-at="2022-04-22T02:19:51 EDT" name="Default suite" finished-at="2022-04-22T02:20:01 EDT" duration-ms="10383">
    <groups>
      <group name="cucumber">
        <method signature="AbstractTestNGCucumberTests.runScenario(io.cucumber.testng.PickleWrapper, io.cucumber.testng.FeatureWrapper)[pri:0, instance:Test_Runner25.TestRunner25@5ace1ed4]" name="runScenario" class="io.cucumber.testng.AbstractTestNGCucumberTests"/>
      </group> <!-- cucumber -->
    </groups>
    <test started-at="2022-04-22T02:19:51 EDT" name="Default test" finished-at="2022-04-22T02:20:01 EDT" duration-ms="10383">
      <class name="Test_Runner25.TestRunner25">
        <test-method is-config="true" signature="Setup25()[pri:0, instance:Test_Runner25.TestRunner25@5ace1ed4]" started-at="2022-04-22T02:19:51 EDT" name="Setup25" finished-at="2022-04-22T02:19:53 EDT" duration-ms="2106" status="PASS">
          <reporter-output>
          </reporter-output>
        </test-method> <!-- Setup25 -->
        <test-method is-config="true" signature="setUpClass(org.testng.ITestContext)[pri:0, instance:Test_Runner25.TestRunner25@5ace1ed4]" started-at="2022-04-22T02:19:53 EDT" name="setUpClass" finished-at="2022-04-22T02:19:53 EDT" duration-ms="256" status="PASS">
          <params>
            <param index="0">
              <value>
                <![CDATA[org.testng.TestRunner@150ede8b]]>
              </value>
            </param>
          </params>
          <reporter-output>
          </reporter-output>
        </test-method> <!-- setUpClass -->
        <test-method signature="runScenario(io.cucumber.testng.PickleWrapper, io.cucumber.testng.FeatureWrapper)[pri:0, instance:Test_Runner25.TestRunner25@5ace1ed4]" started-at="2022-04-22T02:19:53 EDT" name="runScenario" description="Runs Cucumber Scenarios" data-provider="scenarios" finished-at="2022-04-22T02:20:00 EDT" duration-ms="6223" status="PASS">
          <params>
            <param index="0">
              <value>
                <![CDATA["1 Successful Login"]]>
              </value>
            </param>
            <param index="1">
              <value>
                <![CDATA["Optional[Swag Labs Login]"]]>
              </value>
            </param>
          </params>
          <reporter-output>
          </reporter-output>
        </test-method> <!-- runScenario -->
        <test-method signature="runScenario(io.cucumber.testng.PickleWrapper, io.cucumber.testng.FeatureWrapper)[pri:0, instance:Test_Runner25.TestRunner25@5ace1ed4]" started-at="2022-04-22T02:20:00 EDT" name="runScenario" description="Runs Cucumber Scenarios" data-provider="scenarios" finished-at="2022-04-22T02:20:00 EDT" duration-ms="772" status="PASS">
          <params>
            <param index="0">
              <value>
                <![CDATA["2 Failed Login"]]>
              </value>
            </param>
            <param index="1">
              <value>
                <![CDATA["Optional[Swag Labs Login]"]]>
              </value>
            </param>
          </params>
          <reporter-output>
          </reporter-output>
        </test-method> <!-- runScenario -->
        <test-method is-config="true" signature="tearDownClass()[pri:0, instance:Test_Runner25.TestRunner25@5ace1ed4]" started-at="2022-04-22T02:20:00 EDT" name="tearDownClass" finished-at="2022-04-22T02:20:01 EDT" duration-ms="266" status="PASS">
          <reporter-output>
          </reporter-output>
        </test-method> <!-- tearDownClass -->
        <test-method is-config="true" signature="tearDown25()[pri:0, instance:Test_Runner25.TestRunner25@5ace1ed4]" started-at="2022-04-22T02:20:01 EDT" name="tearDown25" finished-at="2022-04-22T02:20:01 EDT" duration-ms="719" status="PASS">
          <reporter-output>
          </reporter-output>
        </test-method> <!-- tearDown25 -->
      </class> <!-- Test_Runner25.TestRunner25 -->
    </test> <!-- Default test -->
  </suite> <!-- Default suite -->
</testng-results>
